# JRE version: OpenJDK Runtime Environment Temurin-21.0.11+10 (21.0.11+10) (build 21.0.11+10-LTS)
# Java VM: OpenJDK 64-Bit Server VM Temurin-21.0.11+10 (21.0.11+10-LTS, mixed mode, sharing, tiered, compressed oops, compressed class ptrs, parallel gc, windows-amd64)
GC Precious Log:
 CardTable entry size: 512
 CPUs: 12 total, 12 available
 Memory: 3405M
 Large Page Support: Disabled
 NUMA Support: Disabled
 Compressed Oops: Enabled (32-bit)
 Alignments: Space 512K, Generation 512K, Heap 2M
 Heap Min Capacity: 100M
 Heap Initial Capacity: 100M
 Heap Max Capacity: 2G
 Pre-touch: Disabled
 Parallel Workers: 10
Heap:
 PSYoungGen      total 7168K, used 4734K [0x00000000d5580000, 0x00000000d5f80000, 0x0000000100000000)
  eden space 6656K, 63% used [0x00000000d5580000,0x00000000d59a2bf0,0x00000000d5c00000)
  from space 512K, 97% used [0x00000000d5e80000,0x00000000d5efcf88,0x00000000d5f00000)
  to   space 512K, 0% used [0x00000000d5f00000,0x00000000d5f00000,0x00000000d5f80000)
 ParOldGen       total 168960K, used 154408K [0x0000000080000000, 0x000000008a500000, 0x00000000d5580000)
  object space 168960K, 91% used [0x0000000080000000,0x00000000896ca248,0x000000008a500000)
 Metaspace       used 71925K, committed 73600K, reserved 1114112K
  class space    used 7463K, committed 8192K, reserved 1048576K
GC Heap History (20 events):
Event: 691.170 GC heap before
{Heap before GC invocations=149 (full 3):
 PSYoungGen      total 12800K, used 12497K [0x00000000d5580000, 0x00000000d6500000, 0x0000000100000000)
  eden space 9728K, 99% used [0x00000000d5580000,0x00000000d5eff450,0x00000000d5f00000)
  from space 3072K, 90% used [0x00000000d6080000,0x00000000d63351d8,0x00000000d6380000)
  to   space 1536K, 0% used [0x00000000d6380000,0x00000000d6380000,0x00000000d6500000)
 ParOldGen       total 168960K, used 139755K [0x0000000080000000, 0x000000008a500000, 0x00000000d5580000)
  object space 168960K, 82% used [0x0000000080000000,0x000000008887ac90,0x000000008a500000)
 Metaspace       used 69575K, committed 71232K, reserved 1114112K
  class space    used 7205K, committed 7936K, reserved 1048576K
}
Event: 691.181 GC heap after
{Heap after GC invocations=149 (full 3):
 PSYoungGen      total 10752K, used 1531K [0x00000000d5580000, 0x00000000d6900000, 0x0000000100000000)
  eden space 9216K, 0% used [0x00000000d5580000,0x00000000d5580000,0x00000000d5e80000)
  from space 1536K, 99% used [0x00000000d6380000,0x00000000d64fed70,0x00000000d6500000)
  to   space 5120K, 0% used [0x00000000d5e80000,0x00000000d5e80000,0x00000000d6380000)
 ParOldGen       total 168960K, used 142756K [0x0000000080000000, 0x000000008a500000, 0x00000000d5580000)
  object space 168960K, 84% used [0x0000000080000000,0x0000000088b693d8,0x000000008a500000)
 Metaspace       used 69575K, committed 71232K, reserved 1114112K
  class space    used 7205K, committed 7936K, reserved 1048576K
}
Event: 691.372 GC heap before
{Heap before GC invocations=150 (full 3):
 PSYoungGen      total 10752K, used 10726K [0x00000000d5580000, 0x00000000d6900000, 0x0000000100000000)
  eden space 9216K, 99% used [0x00000000d5580000,0x00000000d5e7ac60,0x00000000d5e80000)
  from space 1536K, 99% used [0x00000000d6380000,0x00000000d64fed70,0x00000000d6500000)
  to   space 5120K, 0% used [0x00000000d5e80000,0x00000000d5e80000,0x00000000d6380000)
 ParOldGen       total 168960K, used 142756K [0x0000000080000000, 0x000000008a500000, 0x00000000d5580000)
  object space 168960K, 84% used [0x0000000080000000,0x0000000088b693d8,0x000000008a500000)
 Metaspace       used 70333K, committed 72000K, reserved 1114112K
  class space    used 7300K, committed 8000K, reserved 1048576K
}
Event: 691.377 GC heap after
{Heap after GC invocations=150 (full 3):
 PSYoungGen      total 10240K, used 980K [0x00000000d5580000, 0x00000000d6400000, 0x0000000100000000)
  eden space 9216K, 0% used [0x00000000d5580000,0x00000000d5580000,0x00000000d5e80000)
  from space 1024K, 95% used [0x00000000d5e80000,0x00000000d5f75318,0x00000000d5f80000)
  to   space 2560K, 0% used [0x00000000d6180000,0x00000000d6180000,0x00000000d6400000)
 ParOldGen       total 168960K, used 143580K [0x0000000080000000, 0x000000008a500000, 0x00000000d5580000)
  object space 168960K, 84% used [0x0000000080000000,0x0000000088c371b0,0x000000008a500000)
 Metaspace       used 70333K, committed 72000K, reserved 1114112K
  class space    used 7300K, committed 8000K, reserved 1048576K
}
Event: 691.493 GC heap before
{Heap before GC invocations=151 (full 3):
 PSYoungGen      total 10240K, used 10196K [0x00000000d5580000, 0x00000000d6400000, 0x0000000100000000)
  eden space 9216K, 100% used [0x00000000d5580000,0x00000000d5e80000,0x00000000d5e80000)
  from space 1024K, 95% used [0x00000000d5e80000,0x00000000d5f75318,0x00000000d5f80000)
  to   space 2560K, 0% used [0x00000000d6180000,0x00000000d6180000,0x00000000d6400000)
 ParOldGen       total 168960K, used 143580K [0x0000000080000000, 0x000000008a500000, 0x00000000d5580000)
  object space 168960K, 84% used [0x0000000080000000,0x0000000088c371b0,0x000000008a500000)
 Metaspace       used 71041K, committed 72768K, reserved 1114112K
  class space    used 7394K, committed 8128K, reserved 1048576K
}
Event: 691.497 GC heap after
{Heap after GC invocations=151 (full 3):
 PSYoungGen      total 9728K, used 481K [0x00000000d5580000, 0x00000000d6200000, 0x0000000100000000)
  eden space 9216K, 0% used [0x00000000d5580000,0x00000000d5580000,0x00000000d5e80000)
  from space 512K, 93% used [0x00000000d6180000,0x00000000d61f8488,0x00000000d6200000)
  to   space 1024K, 0% used [0x00000000d6000000,0x00000000d6000000,0x00000000d6100000)
 ParOldGen       total 168960K, used 144220K [0x0000000080000000, 0x000000008a500000, 0x00000000d5580000)
  object space 168960K, 85% used [0x0000000080000000,0x0000000088cd71b0,0x000000008a500000)
 Metaspace       used 71041K, committed 72768K, reserved 1114112K
  class space    used 7394K, committed 8128K, reserved 1048576K
}
Event: 691.593 GC heap before
{Heap before GC invocations=152 (full 3):
 PSYoungGen      total 9728K, used 9697K [0x00000000d5580000, 0x00000000d6200000, 0x0000000100000000)
  eden space 9216K, 100% used [0x00000000d5580000,0x00000000d5e80000,0x00000000d5e80000)
  from space 512K, 93% used [0x00000000d6180000,0x00000000d61f8488,0x00000000d6200000)
  to   space 1024K, 0% used [0x00000000d6000000,0x00000000d6000000,0x00000000d6100000)
 ParOldGen       total 168960K, used 144220K [0x0000000080000000, 0x000000008a500000, 0x00000000d5580000)
  object space 168960K, 85% used [0x0000000080000000,0x0000000088cd71b0,0x000000008a500000)
 Metaspace       used 71369K, committed 73088K, reserved 1114112K
  class space    used 7439K, committed 8192K, reserved 1048576K
}
Event: 691.595 GC heap after
{Heap after GC invocations=152 (full 3):
 PSYoungGen      total 10240K, used 384K [0x00000000d5580000, 0x00000000d6200000, 0x0000000100000000)
  eden space 9216K, 0% used [0x00000000d5580000,0x00000000d5580000,0x00000000d5e80000)
  from space 1024K, 37% used [0x00000000d6000000,0x00000000d6060000,0x00000000d6100000)
  to   space 512K, 0% used [0x00000000d6180000,0x00000000d6180000,0x00000000d6200000)
 ParOldGen       total 168960K, used 144519K [0x0000000080000000, 0x000000008a500000, 0x00000000d5580000)
  object space 168960K, 85% used [0x0000000080000000,0x0000000088d21d78,0x000000008a500000)
 Metaspace       used 71369K, committed 73088K, reserved 1114112K
  class space    used 7439K, committed 8192K, reserved 1048576K
}
Event: 691.657 GC heap before
{Heap before GC invocations=153 (full 3):
 PSYoungGen      total 10240K, used 9600K [0x00000000d5580000, 0x00000000d6200000, 0x0000000100000000)
  eden space 9216K, 100% used [0x00000000d5580000,0x00000000d5e80000,0x00000000d5e80000)
  from space 1024K, 37% used [0x00000000d6000000,0x00000000d6060000,0x00000000d6100000)
  to   space 512K, 0% used [0x00000000d6180000,0x00000000d6180000,0x00000000d6200000)
 ParOldGen       total 168960K, used 144519K [0x0000000080000000, 0x000000008a500000, 0x00000000d5580000)
  object space 168960K, 85% used [0x0000000080000000,0x0000000088d21d78,0x000000008a500000)
 Metaspace       used 71425K, committed 73152K, reserved 1114112K
  class space    used 7443K, committed 8192K, reserved 1048576K
}
Event: 691.672 GC heap after
{Heap after GC invocations=153 (full 3):
 PSYoungGen      total 7168K, used 506K [0x00000000d5580000, 0x00000000d6980000, 0x0000000100000000)
  eden space 6656K, 0% used [0x00000000d5580000,0x00000000d5580000,0x00000000d5c00000)
  from space 512K, 99% used [0x00000000d6180000,0x00000000d61feb88,0x00000000d6200000)
  to   space 5632K, 0% used [0x00000000d5c00000,0x00000000d5c00000,0x00000000d6180000)
 ParOldGen       total 168960K, used 148775K [0x0000000080000000, 0x000000008a500000, 0x00000000d5580000)
  object space 168960K, 88% used [0x0000000080000000,0x0000000089149da0,0x000000008a500000)
 Metaspace       used 71425K, committed 73152K, reserved 1114112K
  class space    used 7443K, committed 8192K, reserved 1048576K
}
Event: 691.744 GC heap before
{Heap before GC invocations=154 (full 3):
 PSYoungGen      total 7168K, used 7162K [0x00000000d5580000, 0x00000000d6980000, 0x0000000100000000)
  eden space 6656K, 100% used [0x00000000d5580000,0x00000000d5c00000,0x00000000d5c00000)
  from space 512K, 99% used [0x00000000d6180000,0x00000000d61feb88,0x00000000d6200000)
  to   space 5632K, 0% used [0x00000000d5c00000,0x00000000d5c00000,0x00000000d6180000)
 ParOldGen       total 168960K, used 148775K [0x0000000080000000, 0x000000008a500000, 0x00000000d5580000)
  object space 168960K, 88% used [0x0000000080000000,0x0000000089149da0,0x000000008a500000)
 Metaspace       used 71443K, committed 73152K, reserved 1114112K
  class space    used 7443K, committed 8192K, reserved 1048576K
}
Event: 691.746 GC heap after
{Heap after GC invocations=154 (full 3):
 PSYoungGen      total 9728K, used 2661K [0x00000000d5580000, 0x00000000d6300000, 0x0000000100000000)
  eden space 6656K, 0% used [0x00000000d5580000,0x00000000d5580000,0x00000000d5c00000)
  from space 3072K, 86% used [0x00000000d5c00000,0x00000000d5e99470,0x00000000d5f00000)
  to   space 3584K, 0% used [0x00000000d5f80000,0x00000000d5f80000,0x00000000d6300000)
 ParOldGen       total 168960K, used 149289K [0x0000000080000000, 0x000000008a500000, 0x00000000d5580000)
  object space 168960K, 88% used [0x0000000080000000,0x00000000891ca660,0x000000008a500000)
 Metaspace       used 71443K, committed 73152K, reserved 1114112K
  class space    used 7443K, committed 8192K, reserved 1048576K
}
Event: 691.798 GC heap before
{Heap before GC invocations=155 (full 3):
 PSYoungGen      total 9728K, used 9317K [0x00000000d5580000, 0x00000000d6300000, 0x0000000100000000)
  eden space 6656K, 100% used [0x00000000d5580000,0x00000000d5c00000,0x00000000d5c00000)
  from space 3072K, 86% used [0x00000000d5c00000,0x00000000d5e99470,0x00000000d5f00000)
  to   space 3584K, 0% used [0x00000000d5f80000,0x00000000d5f80000,0x00000000d6300000)
 ParOldGen       total 168960K, used 149289K [0x0000000080000000, 0x000000008a500000, 0x00000000d5580000)
  object space 168960K, 88% used [0x0000000080000000,0x00000000891ca660,0x000000008a500000)
 Metaspace       used 71559K, committed 73280K, reserved 1114112K
  class space    used 7443K, committed 8192K, reserved 1048576K
}
Event: 691.803 GC heap after
{Heap after GC invocations=155 (full 3):
 PSYoungGen      total 7680K, used 674K [0x00000000d5580000, 0x00000000d6080000, 0x0000000100000000)
  eden space 6656K, 0% used [0x00000000d5580000,0x00000000d5580000,0x00000000d5c00000)
  from space 1024K, 65% used [0x00000000d5f80000,0x00000000d6028910,0x00000000d6080000)
  to   space 1536K, 0% used [0x00000000d5d80000,0x00000000d5d80000,0x00000000d5f00000)
 ParOldGen       total 168960K, used 150166K [0x0000000080000000, 0x000000008a500000, 0x00000000d5580000)
  object space 168960K, 88% used [0x0000000080000000,0x00000000892a5998,0x000000008a500000)
 Metaspace       used 71559K, committed 73280K, reserved 1114112K
  class space    used 7443K, committed 8192K, reserved 1048576K
}
Event: 691.855 GC heap before
{Heap before GC invocations=156 (full 3):
 PSYoungGen      total 7680K, used 7330K [0x00000000d5580000, 0x00000000d6080000, 0x0000000100000000)
  eden space 6656K, 100% used [0x00000000d5580000,0x00000000d5c00000,0x00000000d5c00000)
  from space 1024K, 65% used [0x00000000d5f80000,0x00000000d6028910,0x00000000d6080000)
  to   space 1536K, 0% used [0x00000000d5d80000,0x00000000d5d80000,0x00000000d5f00000)
 ParOldGen       total 168960K, used 150166K [0x0000000080000000, 0x000000008a500000, 0x00000000d5580000)
  object space 168960K, 88% used [0x0000000080000000,0x00000000892a5998,0x000000008a500000)
 Metaspace       used 71766K, committed 73472K, reserved 1114112K
  class space    used 7453K, committed 8192K, reserved 1048576K
}
Event: 691.858 GC heap after
{Heap after GC invocations=156 (full 3):
 PSYoungGen      total 8192K, used 224K [0x00000000d5580000, 0x00000000d6000000, 0x0000000100000000)
  eden space 6656K, 0% used [0x00000000d5580000,0x00000000d5580000,0x00000000d5c00000)
  from space 1536K, 14% used [0x00000000d5d80000,0x00000000d5db8000,0x00000000d5f00000)
  to   space 1024K, 0% used [0x00000000d5f00000,0x00000000d5f00000,0x00000000d6000000)
 ParOldGen       total 168960K, used 150552K [0x0000000080000000, 0x000000008a500000, 0x00000000d5580000)
  object space 168960K, 89% used [0x0000000080000000,0x00000000893062a8,0x000000008a500000)
 Metaspace       used 71766K, committed 73472K, reserved 1114112K
  class space    used 7453K, committed 8192K, reserved 1048576K
}
Event: 1208.919 GC heap before
{Heap before GC invocations=157 (full 3):
 PSYoungGen      total 8192K, used 6879K [0x00000000d5580000, 0x00000000d6000000, 0x0000000100000000)
  eden space 6656K, 99% used [0x00000000d5580000,0x00000000d5bffff8,0x00000000d5c00000)
  from space 1536K, 14% used [0x00000000d5d80000,0x00000000d5db8000,0x00000000d5f00000)
  to   space 1024K, 0% used [0x00000000d5f00000,0x00000000d5f00000,0x00000000d6000000)
 ParOldGen       total 168960K, used 150552K [0x0000000080000000, 0x000000008a500000, 0x00000000d5580000)
  object space 168960K, 89% used [0x0000000080000000,0x00000000893062a8,0x000000008a500000)
 Metaspace       used 71899K, committed 73600K, reserved 1114112K
  class space    used 7459K, committed 8192K, reserved 1048576K
}
Event: 1209.063 GC heap after
{Heap after GC invocations=157 (full 3):
 PSYoungGen      total 7168K, used 436K [0x00000000d5580000, 0x00000000d5f80000, 0x0000000100000000)
  eden space 6656K, 0% used [0x00000000d5580000,0x00000000d5580000,0x00000000d5c00000)
  from space 512K, 85% used [0x00000000d5f00000,0x00000000d5f6d220,0x00000000d5f80000)
  to   space 512K, 0% used [0x00000000d5e80000,0x00000000d5e80000,0x00000000d5f00000)
 ParOldGen       total 168960K, used 150624K [0x0000000080000000, 0x000000008a500000, 0x00000000d5580000)
  object space 168960K, 89% used [0x0000000080000000,0x00000000893182a8,0x000000008a500000)
 Metaspace       used 71899K, committed 73600K, reserved 1114112K
  class space    used 7459K, committed 8192K, reserved 1048576K
}
Event: 1209.449 GC heap before
{Heap before GC invocations=158 (full 3):
 PSYoungGen      total 7168K, used 7091K [0x00000000d5580000, 0x00000000d5f80000, 0x0000000100000000)
  eden space 6656K, 99% used [0x00000000d5580000,0x00000000d5bffb58,0x00000000d5c00000)
  from space 512K, 85% used [0x00000000d5f00000,0x00000000d5f6d220,0x00000000d5f80000)
  to   space 512K, 0% used [0x00000000d5e80000,0x00000000d5e80000,0x00000000d5f00000)
 ParOldGen       total 168960K, used 150624K [0x0000000080000000, 0x000000008a500000, 0x00000000d5580000)
  object space 168960K, 89% used [0x0000000080000000,0x00000000893182a8,0x000000008a500000)
 Metaspace       used 71919K, committed 73600K, reserved 1114112K
  class space    used 7463K, committed 8192K, reserved 1048576K
}
Event: 1212.288 GC heap after
{Heap after GC invocations=158 (full 3):
 PSYoungGen      total 7168K, used 499K [0x00000000d5580000, 0x00000000d5f80000, 0x0000000100000000)
  eden space 6656K, 0% used [0x00000000d5580000,0x00000000d5580000,0x00000000d5c00000)
  from space 512K, 97% used [0x00000000d5e80000,0x00000000d5efcf88,0x00000000d5f00000)
  to   space 512K, 0% used [0x00000000d5f00000,0x00000000d5f00000,0x00000000d5f80000)
 ParOldGen       total 168960K, used 154408K [0x0000000080000000, 0x000000008a500000, 0x00000000d5580000)
  object space 168960K, 91% used [0x0000000080000000,0x00000000896ca248,0x000000008a500000)
 Metaspace       used 71919K, committed 73600K, reserved 1114112K
  class space    used 7463K, committed 8192K, reserved 1048576K
}

